Determining if the pthread_create exist failed with the following output:
Change Dir: /home/studentq/Idea_Resource/ORB_SLAM2/cmake-build-debug/CMakeFiles/CMakeTmp

Run Build Command:"/usr/bin/make" "cmTC_d2d26/fast"
/usr/bin/make -f CMakeFiles/cmTC_d2d26.dir/build.make CMakeFiles/cmTC_d2d26.dir/build
make[1]: Entering directory '/home/studentq/Idea_Resource/ORB_SLAM2/cmake-build-debug/CMakeFiles/CMakeTmp'
Building C object CMakeFiles/cmTC_d2d26.dir/CheckSymbolExists.c.o
/usr/bin/cc   -fPIC    -o CMakeFiles/cmTC_d2d26.dir/CheckSymbolExists.c.o   -c /home/studentq/Idea_Resource/ORB_SLAM2/cmake-build-debug/CMakeFiles/CMakeTmp/CheckSymbolExists.c
Linking C executable cmTC_d2d26
/home/studentq/Templates/clion/bin/cmake/bin/cmake -E cmake_link_script CMakeFiles/cmTC_d2d26.dir/link.txt --verbose=1
/usr/bin/cc -fPIC     -rdynamic CMakeFiles/cmTC_d2d26.dir/CheckSymbolExists.c.o  -o cmTC_d2d26 
CMakeFiles/cmTC_d2d26.dir/CheckSymbolExists.c.o: In function `main':
CheckSymbolExists.c:(.text+0x1b): undefined reference to `pthread_create'
collect2: error: ld returned 1 exit status
CMakeFiles/cmTC_d2d26.dir/build.make:97: recipe for target 'cmTC_d2d26' failed
make[1]: *** [cmTC_d2d26] Error 1
make[1]: Leaving directory '/home/studentq/Idea_Resource/ORB_SLAM2/cmake-build-debug/CMakeFiles/CMakeTmp'
Makefile:126: recipe for target 'cmTC_d2d26/fast' failed
make: *** [cmTC_d2d26/fast] Error 2

File /home/studentq/Idea_Resource/ORB_SLAM2/cmake-build-debug/CMakeFiles/CMakeTmp/CheckSymbolExists.c:
/* */
#include <pthread.h>

int main(int argc, char** argv)
{
  (void)argv;
#ifndef pthread_create
  return ((int*)(&pthread_create))[argc];
#else
  (void)argc;
  return 0;
#endif
}

Determining if the function pthread_create exists in the pthreads failed with the following output:
Change Dir: /home/studentq/Idea_Resource/ORB_SLAM2/cmake-build-debug/CMakeFiles/CMakeTmp

Run Build Command:"/usr/bin/make" "cmTC_b7e2a/fast"
/usr/bin/make -f CMakeFiles/cmTC_b7e2a.dir/build.make CMakeFiles/cmTC_b7e2a.dir/build
make[1]: Entering directory '/home/studentq/Idea_Resource/ORB_SLAM2/cmake-build-debug/CMakeFiles/CMakeTmp'
Building C object CMakeFiles/cmTC_b7e2a.dir/CheckFunctionExists.c.o
/usr/bin/cc   -fPIC -DCHECK_FUNCTION_EXISTS=pthread_create   -o CMakeFiles/cmTC_b7e2a.dir/CheckFunctionExists.c.o   -c /home/studentq/Templates/clion/bin/cmake/share/cmake-3.8/Modules/CheckFunctionExists.c
Linking C executable cmTC_b7e2a
/home/studentq/Templates/clion/bin/cmake/bin/cmake -E cmake_link_script CMakeFiles/cmTC_b7e2a.dir/link.txt --verbose=1
/usr/bin/cc -fPIC -DCHECK_FUNCTION_EXISTS=pthread_create    -rdynamic CMakeFiles/cmTC_b7e2a.dir/CheckFunctionExists.c.o  -o cmTC_b7e2a -lpthreads 
/usr/bin/ld: cannot find -lpthreads
collect2: error: ld returned 1 exit status
CMakeFiles/cmTC_b7e2a.dir/build.make:97: recipe for target 'cmTC_b7e2a' failed
make[1]: *** [cmTC_b7e2a] Error 1
make[1]: Leaving directory '/home/studentq/Idea_Resource/ORB_SLAM2/cmake-build-debug/CMakeFiles/CMakeTmp'
Makefile:126: recipe for target 'cmTC_b7e2a/fast' failed
make: *** [cmTC_b7e2a/fast] Error 2


